# JRE version: OpenJDK Runtime Environment Temurin-21.0.3+9 (21.0.3+9) (build 21.0.3+9-LTS)
# Java VM: OpenJDK 64-Bit Server VM Temurin-21.0.3+9 (21.0.3+9-LTS, mixed mode, emulated-client, sharing, tiered, compressed oops, compressed class ptrs, g1 gc, windows-amd64)
GC Precious Log:
 CardTable entry size: 512
 Card Set container configuration: InlinePtr #cards 5 size 8 Array Of Cards #cards 12 size 40 Howl #buckets 4 coarsen threshold 1843 Howl Bitmap #cards 512 size 80 coarsen threshold 460 Card regions per heap region 1 cards per card region 2048
 CPUs: 12 total, 12 available
 Memory: 7766M
 Large Page Support: Disabled
 NUMA Support: Disabled
 Compressed Oops: Enabled (32-bit)
 Heap Region Size: 1M
 Heap Min Capacity: 8M
 Heap Initial Capacity: 122M
 Heap Max Capacity: 1942M
 Pre-touch: Disabled
 Parallel Workers: 10
 Concurrent Workers: 3
 Concurrent Refinement Workers: 10
 Periodic GC: Disabled
Heap:
 garbage-first heap   total 106496K, used 80604K [0x0000000086a00000, 0x0000000100000000)
  region size 1024K, 52 young (53248K), 6 survivors (6144K)
 Metaspace       used 60489K, committed 61248K, reserved 1114112K
  class space    used 8066K, committed 8448K, reserved 1048576K
GC Heap History (20 events):
Event: 9595.206 GC heap before
{Heap before GC invocations=100 (full 7):
 garbage-first heap   total 106496K, used 90435K [0x0000000086a00000, 0x0000000100000000)
  region size 1024K, 62 young (63488K), 5 survivors (5120K)
 Metaspace       used 60806K, committed 61568K, reserved 1114112K
  class space    used 8096K, committed 8448K, reserved 1048576K
}
Event: 9595.210 GC heap after
{Heap after GC invocations=101 (full 7):
 garbage-first heap   total 106496K, used 33552K [0x0000000086a00000, 0x0000000100000000)
  region size 1024K, 6 young (6144K), 6 survivors (6144K)
 Metaspace       used 60806K, committed 61568K, reserved 1114112K
  class space    used 8096K, committed 8448K, reserved 1048576K
}
Event: 9759.458 GC heap before
{Heap before GC invocations=101 (full 7):
 garbage-first heap   total 106496K, used 89872K [0x0000000086a00000, 0x0000000100000000)
  region size 1024K, 61 young (62464K), 6 survivors (6144K)
 Metaspace       used 60831K, committed 61632K, reserved 1114112K
  class space    used 8100K, committed 8448K, reserved 1048576K
}
Event: 9759.472 GC heap after
{Heap after GC invocations=102 (full 7):
 garbage-first heap   total 106496K, used 33436K [0x0000000086a00000, 0x0000000100000000)
  region size 1024K, 3 young (3072K), 3 survivors (3072K)
 Metaspace       used 60831K, committed 61632K, reserved 1114112K
  class space    used 8100K, committed 8448K, reserved 1048576K
}
Event: 10086.912 GC heap before
{Heap before GC invocations=102 (full 7):
 garbage-first heap   total 106496K, used 93852K [0x0000000086a00000, 0x0000000100000000)
  region size 1024K, 62 young (63488K), 3 survivors (3072K)
 Metaspace       used 60831K, committed 61632K, reserved 1114112K
  class space    used 8100K, committed 8448K, reserved 1048576K
}
Event: 10086.923 GC heap after
{Heap after GC invocations=103 (full 7):
 garbage-first heap   total 106496K, used 33335K [0x0000000086a00000, 0x0000000100000000)
  region size 1024K, 3 young (3072K), 3 survivors (3072K)
 Metaspace       used 60831K, committed 61632K, reserved 1114112K
  class space    used 8100K, committed 8448K, reserved 1048576K
}
Event: 10269.116 GC heap before
{Heap before GC invocations=104 (full 7):
 garbage-first heap   total 106496K, used 85352K [0x0000000086a00000, 0x0000000100000000)
  region size 1024K, 55 young (56320K), 3 survivors (3072K)
 Metaspace       used 59294K, committed 60672K, reserved 1114112K
  class space    used 7909K, committed 8448K, reserved 1048576K
}
Event: 10269.156 GC heap after
{Heap after GC invocations=105 (full 8):
 garbage-first heap   total 96256K, used 25848K [0x0000000086a00000, 0x0000000100000000)
  region size 1024K, 0 young (0K), 0 survivors (0K)
 Metaspace       used 59244K, committed 60672K, reserved 1114112K
  class space    used 7897K, committed 8448K, reserved 1048576K
}
Event: 10269.598 GC heap before
{Heap before GC invocations=105 (full 8):
 garbage-first heap   total 96256K, used 83192K [0x0000000086a00000, 0x0000000100000000)
  region size 1024K, 56 young (57344K), 0 survivors (0K)
 Metaspace       used 59611K, committed 60672K, reserved 1114112K
  class space    used 7958K, committed 8448K, reserved 1048576K
}
Event: 10269.602 GC heap after
{Heap after GC invocations=106 (full 8):
 garbage-first heap   total 96256K, used 31074K [0x0000000086a00000, 0x0000000100000000)
  region size 1024K, 6 young (6144K), 6 survivors (6144K)
 Metaspace       used 59611K, committed 60672K, reserved 1114112K
  class space    used 7958K, committed 8448K, reserved 1048576K
}
Event: 10269.861 GC heap before
{Heap before GC invocations=107 (full 8):
 garbage-first heap   total 96256K, used 80226K [0x0000000086a00000, 0x0000000100000000)
  region size 1024K, 54 young (55296K), 6 survivors (6144K)
 Metaspace       used 59905K, committed 60736K, reserved 1114112K
  class space    used 8001K, committed 8448K, reserved 1048576K
}
Event: 10269.865 GC heap after
{Heap after GC invocations=108 (full 8):
 garbage-first heap   total 96256K, used 33048K [0x0000000086a00000, 0x0000000100000000)
  region size 1024K, 3 young (3072K), 3 survivors (3072K)
 Metaspace       used 59905K, committed 60736K, reserved 1114112K
  class space    used 8001K, committed 8448K, reserved 1048576K
}
Event: 10270.488 GC heap before
{Heap before GC invocations=108 (full 8):
 garbage-first heap   total 96256K, used 83224K [0x0000000086a00000, 0x0000000100000000)
  region size 1024K, 52 young (53248K), 3 survivors (3072K)
 Metaspace       used 60056K, committed 60864K, reserved 1114112K
  class space    used 8030K, committed 8448K, reserved 1048576K
}
Event: 10270.493 GC heap after
{Heap after GC invocations=109 (full 8):
 garbage-first heap   total 115712K, used 38731K [0x0000000086a00000, 0x0000000100000000)
  region size 1024K, 7 young (7168K), 7 survivors (7168K)
 Metaspace       used 60056K, committed 60864K, reserved 1114112K
  class space    used 8030K, committed 8448K, reserved 1048576K
}
Event: 10285.760 GC heap before
{Heap before GC invocations=109 (full 8):
 garbage-first heap   total 115712K, used 49995K [0x0000000086a00000, 0x0000000100000000)
  region size 1024K, 19 young (19456K), 7 survivors (7168K)
 Metaspace       used 60084K, committed 60928K, reserved 1114112K
  class space    used 8033K, committed 8448K, reserved 1048576K
}
Event: 10285.804 GC heap after
{Heap after GC invocations=110 (full 9):
 garbage-first heap   total 106496K, used 28729K [0x0000000086a00000, 0x0000000100000000)
  region size 1024K, 0 young (0K), 0 survivors (0K)
 Metaspace       used 59929K, committed 60928K, reserved 1114112K
  class space    used 7998K, committed 8448K, reserved 1048576K
}
Event: 10286.440 GC heap before
{Heap before GC invocations=110 (full 9):
 garbage-first heap   total 106496K, used 89145K [0x0000000086a00000, 0x0000000100000000)
  region size 1024K, 60 young (61440K), 0 survivors (0K)
 Metaspace       used 60195K, committed 60992K, reserved 1114112K
  class space    used 8032K, committed 8448K, reserved 1048576K
}
Event: 10286.443 GC heap after
{Heap after GC invocations=111 (full 9):
 garbage-first heap   total 106496K, used 33052K [0x0000000086a00000, 0x0000000100000000)
  region size 1024K, 5 young (5120K), 5 survivors (5120K)
 Metaspace       used 60195K, committed 60992K, reserved 1114112K
  class space    used 8032K, committed 8448K, reserved 1048576K
}
Event: 10286.702 GC heap before
{Heap before GC invocations=112 (full 9):
 garbage-first heap   total 106496K, used 91420K [0x0000000086a00000, 0x0000000100000000)
  region size 1024K, 62 young (63488K), 5 survivors (5120K)
 Metaspace       used 60459K, committed 61248K, reserved 1114112K
  class space    used 8064K, committed 8448K, reserved 1048576K
}
Event: 10286.707 GC heap after
{Heap after GC invocations=113 (full 9):
 garbage-first heap   total 106496K, used 34524K [0x0000000086a00000, 0x0000000100000000)
  region size 1024K, 6 young (6144K), 6 survivors (6144K)
 Metaspace       used 60459K, committed 61248K, reserved 1114112K
  class space    used 8064K, committed 8448K, reserved 1048576K
}

